


ARM Macro Assembler    Page 1 


    1 00000000                 AREA             RESET, DATA, READONLY
    2 00000000                 EXPORT           __Vectors
    3 00000000         __Vectors
    4 00000000 10001000        DCD              0x10001000
    5 00000004 00000000        DCD              Reset_Handler
    6 00000008                 ALIGN
    7 00000008         
    8 00000008                 AREA             mycode, CODE, READONLY
    9 00000000                 ENTRY
   10 00000000                 EXPORT           Reset_Handler
   11 00000000         
   12 00000000         Reset_Handler
   13 00000000 480C            LDR              R0,=ARR
   14 00000002 F04F 0809       mov              R8,#09
   15 00000006 4647    up1     mov              r7,r8
   16 00000008 4601            mov              r1,r0
   17 0000000A 6802    up2     ldr              r2,[r0]
   18 0000000C F851 3F04       ldr              r3,[r1,#4]!
   19 00000010 429A            cmp              r2,r3
   20 00000012 D901            bls              skip
   21 00000014 600A            str              r2,[r1]
   22 00000016 6003            str              r3,[r0]
   23 00000018         skip
   24 00000018 F1A7 0701       sub              r7,#1
   25 0000001C F097 0F00       teq              r7,#0
   26 00000020 D1F3            bne              up2
   27 00000022 F100 0004       add              r0,#04
   28 00000026 F1A8 0801       sub              r8,#1
   29 0000002A F098 0F00       teq              r8,#0
   30 0000002E D1EA            bne              up1
   31 00000030 E7FE    stop    b                stop
   32 00000032 00 00 00000000  AREA             mydata,DATA,READWRITE
   33 00000000 00000000 
                       ARR     DCD              0
   34 00000004                 END
Command Line: --debug --xref --cpu=Cortex-M3 --apcs=interwork --depend=5_1.d -o
5_1.o -IC:\Keil\ARM\RV31\INC -IC:\Keil\ARM\CMSIS\Include -IC:\Keil\ARM\Inc\NXP\
LPC17xx --predefine="__EVAL SETA 1" --list=5_1.lst 5_1.s



ARM Macro Assembler    Page 1 Alphabetic symbol ordering
Relocatable symbols

RESET 00000000

Symbol: RESET
   Definitions
      At line 1 in file 5_1.s
   Uses
      None
Comment: RESET unused
__Vectors 00000000

Symbol: __Vectors
   Definitions
      At line 3 in file 5_1.s
   Uses
      At line 2 in file 5_1.s
Comment: __Vectors used once
2 symbols



ARM Macro Assembler    Page 1 Alphabetic symbol ordering
Relocatable symbols

Reset_Handler 00000000

Symbol: Reset_Handler
   Definitions
      At line 12 in file 5_1.s
   Uses
      At line 5 in file 5_1.s
      At line 10 in file 5_1.s

mycode 00000000

Symbol: mycode
   Definitions
      At line 8 in file 5_1.s
   Uses
      None
Comment: mycode unused
skip 00000018

Symbol: skip
   Definitions
      At line 23 in file 5_1.s
   Uses
      At line 20 in file 5_1.s
Comment: skip used once
stop 00000030

Symbol: stop
   Definitions
      At line 31 in file 5_1.s
   Uses
      At line 31 in file 5_1.s
Comment: stop used once
up1 00000006

Symbol: up1
   Definitions
      At line 15 in file 5_1.s
   Uses
      At line 30 in file 5_1.s
Comment: up1 used once
up2 0000000A

Symbol: up2
   Definitions
      At line 17 in file 5_1.s
   Uses
      At line 26 in file 5_1.s
Comment: up2 used once
6 symbols



ARM Macro Assembler    Page 1 Alphabetic symbol ordering
Relocatable symbols

ARR 00000000

Symbol: ARR
   Definitions
      At line 33 in file 5_1.s
   Uses
      At line 13 in file 5_1.s
Comment: ARR used once
mydata 00000000

Symbol: mydata
   Definitions
      At line 32 in file 5_1.s
   Uses
      None
Comment: mydata unused
2 symbols
343 symbols in table
