


ARM Macro Assembler    Page 1 


    1 00000000                 AREA             RESET, DATA, READONLY
    2 00000000                 EXPORT           __Vectors
    3 00000000         __Vectors
    4 00000000 10001000        DCD              0x10001000
    5 00000004 00000000        DCD              Reset_Handler
    6 00000008                 ALIGN
    7 00000008         
    8 00000008                 AREA             mycode, CODE, READONLY
    9 00000000                 ENTRY
   10 00000000                 EXPORT           Reset_Handler
   11 00000000         
   12 00000000         Reset_Handler
   13 00000000         ; initialising r1-r10 with values to be sorted
   14 00000000 F04F 010A       mov              r1,#10
   15 00000004 F04F 0209       mov              r2,#09
   16 00000008 F04F 0303       mov              r3,#03
   17 0000000C F04F 040B       mov              r4,#11
   18 00000010 F04F 0515       mov              r5,#21
   19 00000014 F04F 0613       mov              r6,#19
   20 00000018 F04F 070C       mov              r7,#12
   21 0000001C F04F 082B       mov              r8,#43
   22 00000020 F04F 0920       mov              r9,#32
   23 00000024 F04F 0A05       mov              r10,#05
   24 00000028 F04F 5B80       ldr              r11,=0x10000000
   25 0000002C E8AB 07FE       stm              r11!,{r1-r10}
   26 00000030 F000 F803       bl               selection_sort
   27 00000034 E91B 07FE       ldmdb            r11,{r1-r10}
   28 00000038 E7FE    stop    b                stop
   29 0000003A         
   30 0000003A         selection_sort
   31 0000003A 4658            mov              r0,r11
   32 0000003C F1A0 0028       sub              r0,#40
   33 00000040 F04F 0809       mov              R8,#09
   34 00000044 4647    up1     mov              r7,r8
   35 00000046 4601            mov              r1,r0
   36 00000048 6802    up2     ldr              r2,[r0]
   37 0000004A F851 3F04       ldr              r3,[r1,#4]!
   38 0000004E 429A            cmp              r2,r3
   39 00000050 D901            bls              skip
   40 00000052 600A            str              r2,[r1]
   41 00000054 6003            str              r3,[r0]
   42 00000056         skip
   43 00000056 F1A7 0701       sub              r7,#1
   44 0000005A F097 0F00       teq              r7,#0
   45 0000005E D1F3            bne              up2
   46 00000060 F100 0004       add              r0,#04
   47 00000064 F1A8 0801       sub              r8,#1
   48 00000068 F098 0F00       teq              r8,#0
   49 0000006C D1EA            bne              up1
   50 0000006E 4770            bx               lr
   51 00000070                 END
Command Line: --debug --xref --cpu=Cortex-M3 --apcs=interwork --depend=5_4.d -o
5_4.o -IC:\Keil\ARM\RV31\INC -IC:\Keil\ARM\CMSIS\Include -IC:\Keil\ARM\Inc\NXP\
LPC17xx --predefine="__EVAL SETA 1" --list=5_4.lst 5_4.s



ARM Macro Assembler    Page 1 Alphabetic symbol ordering
Relocatable symbols

RESET 00000000

Symbol: RESET
   Definitions
      At line 1 in file 5_4.s
   Uses
      None
Comment: RESET unused
__Vectors 00000000

Symbol: __Vectors
   Definitions
      At line 3 in file 5_4.s
   Uses
      At line 2 in file 5_4.s
Comment: __Vectors used once
2 symbols



ARM Macro Assembler    Page 1 Alphabetic symbol ordering
Relocatable symbols

Reset_Handler 00000000

Symbol: Reset_Handler
   Definitions
      At line 12 in file 5_4.s
   Uses
      At line 5 in file 5_4.s
      At line 10 in file 5_4.s

mycode 00000000

Symbol: mycode
   Definitions
      At line 8 in file 5_4.s
   Uses
      None
Comment: mycode unused
selection_sort 0000003A

Symbol: selection_sort
   Definitions
      At line 30 in file 5_4.s
   Uses
      At line 26 in file 5_4.s
Comment: selection_sort used once
skip 00000056

Symbol: skip
   Definitions
      At line 42 in file 5_4.s
   Uses
      At line 39 in file 5_4.s
Comment: skip used once
stop 00000038

Symbol: stop
   Definitions
      At line 28 in file 5_4.s
   Uses
      At line 28 in file 5_4.s
Comment: stop used once
up1 00000044

Symbol: up1
   Definitions
      At line 34 in file 5_4.s
   Uses
      At line 49 in file 5_4.s
Comment: up1 used once
up2 00000048

Symbol: up2
   Definitions
      At line 36 in file 5_4.s
   Uses
      At line 45 in file 5_4.s
Comment: up2 used once
7 symbols
340 symbols in table
