


ARM Macro Assembler    Page 1 


    1 00000000                 AREA             RESET,DATA,READONLY
    2 00000000                 EXPORT           __Vectors
    3 00000000         __Vectors
    4 00000000 40001000        DCD              0x40001000
    5 00000004 00000000        DCD              Reset_Handler
    6 00000008                 ALIGN
    7 00000008                 AREA             mycode,CODE,READONLY
    8 00000000                 ENTRY
    9 00000000                 EXPORT           Reset_Handler
   10 00000000         Reset_Handler
   11 00000000 4810            LDR              R0,=SRC
   12 00000002 4911            LDR              R1,=DST
   13 00000004 F04F 030A       MOV              R3,#10
   14 00000008         
   15 00000008 F850 2B04 
                       up      LDR              R2,[R0],#4
   16 0000000C F841 2B04       STR              R2,[R1],#4
   17 00000010 F1A3 0301       SUB              R3,#1
   18 00000014 F093 0F00       TEQ              R3,#0
   19 00000018 D1F6            BNE              up
   20 0000001A E7FE    STOP    B                STOP
   21 0000001C 12345678 
              FFFFFFFF 
              00000014 
              00000022 
              0000002D 
              00000038 
              0000004E 
              0000005A 
              0000000C 
              00000022 SRC     DCD              0x12345678,-1,20,34,45,56,78,90
,12,34
   22 00000044 00000000 
              00000000         AREA             mydata,DATA,READWRITE
   23 00000000 00 00 00 
              00 00 00 
              00 00 00 
              00       dummy   space            10
   24 0000000A 00 00 00000000 
                       DST     DCD              0
   25 00000010                 END
Command Line: --debug --xref --cpu=Cortex-M3 --apcs=interwork --depend=11.d -o1
1.o -IC:\Keil\ARM\RV31\INC -IC:\Keil\ARM\CMSIS\Include -IC:\Keil\ARM\Inc\NXP\LP
C17xx --predefine="__EVAL SETA 1" --list=11.lst 11.S



ARM Macro Assembler    Page 1 Alphabetic symbol ordering
Relocatable symbols

RESET 00000000

Symbol: RESET
   Definitions
      At line 1 in file 11.S
   Uses
      None
Comment: RESET unused
__Vectors 00000000

Symbol: __Vectors
   Definitions
      At line 3 in file 11.S
   Uses
      At line 2 in file 11.S
Comment: __Vectors used once
2 symbols



ARM Macro Assembler    Page 1 Alphabetic symbol ordering
Relocatable symbols

Reset_Handler 00000000

Symbol: Reset_Handler
   Definitions
      At line 10 in file 11.S
   Uses
      At line 5 in file 11.S
      At line 9 in file 11.S

SRC 0000001C

Symbol: SRC
   Definitions
      At line 21 in file 11.S
   Uses
      At line 11 in file 11.S
Comment: SRC used once
STOP 0000001A

Symbol: STOP
   Definitions
      At line 20 in file 11.S
   Uses
      At line 20 in file 11.S
Comment: STOP used once
mycode 00000000

Symbol: mycode
   Definitions
      At line 7 in file 11.S
   Uses
      None
Comment: mycode unused
up 00000008

Symbol: up
   Definitions
      At line 15 in file 11.S
   Uses
      At line 19 in file 11.S
Comment: up used once
5 symbols



ARM Macro Assembler    Page 1 Alphabetic symbol ordering
Relocatable symbols

DST 0000000C

Symbol: DST
   Definitions
      At line 24 in file 11.S
   Uses
      At line 12 in file 11.S
Comment: DST used once
dummy 00000000

Symbol: dummy
   Definitions
      At line 23 in file 11.S
   Uses
      None
Comment: dummy unused
mydata 00000000

Symbol: mydata
   Definitions
      At line 22 in file 11.S
   Uses
      None
Comment: mydata unused
3 symbols
343 symbols in table
