


ARM Macro Assembler    Page 1 


    1 00000000                 AREA             RESET,DATA,READONLY
    2 00000000                 EXPORT           __Vectors
    3 00000000         __Vectors
    4 00000000 40001000        DCD              0x40001000
    5 00000004 00000000        DCD              Reset_Handler
    6 00000008                 ALIGN
    7 00000008                 AREA             mycode,CODE,READONLY
    8 00000000                 ENTRY
    9 00000000                 EXPORT           Reset_Handler
   10 00000000         Reset_Handler
   11 00000000 4806            LDR              R0,=SRC
   12 00000002 4907            LDR              R1,=DST
   13 00000004 F04F 030A       MOV              R3,#10
   14 00000008         
   15 00000008 F850 2B04 
                       up      LDR              R2,[R0],#4
   16 0000000C F841 2B04       STR              R2,[R1],#4
   17 00000010 F1A3 0301       SUB              R3,#1
   18 00000014 F093 0F00       TEQ              R3,#0
   19 00000018 D1F6            BNE              up
   20 0000001A E7FE    STOP    B                STOP
   21 0000001C 00000000 
              00000000         AREA             mydata,DATA,READWRITE
   22 00000000 00 00 00 
              00 00 00 
              00 00 00 
              00 00 00 
              00 00 00 
              00 00 00 
              00 00 00 
              00 00 00 
              00 00 00 
              00 00 00 
              00 00 00 
              00 00 00 
              00 00 00 
              00       SRC     SPACE            40
   23 00000028 00000000 
                       DST     DCD              0
   24 0000002C                 END
Command Line: --debug --xref --cpu=Cortex-M3 --apcs=interwork --depend=13.d -o1
3.o -IC:\Keil\ARM\RV31\INC -IC:\Keil\ARM\CMSIS\Include -IC:\Keil\ARM\Inc\NXP\LP
C17xx --predefine="__EVAL SETA 1" --list=13.lst 13.s



ARM Macro Assembler    Page 1 Alphabetic symbol ordering
Relocatable symbols

RESET 00000000

Symbol: RESET
   Definitions
      At line 1 in file 13.s
   Uses
      None
Comment: RESET unused
__Vectors 00000000

Symbol: __Vectors
   Definitions
      At line 3 in file 13.s
   Uses
      At line 2 in file 13.s
Comment: __Vectors used once
2 symbols



ARM Macro Assembler    Page 1 Alphabetic symbol ordering
Relocatable symbols

Reset_Handler 00000000

Symbol: Reset_Handler
   Definitions
      At line 10 in file 13.s
   Uses
      At line 5 in file 13.s
      At line 9 in file 13.s

STOP 0000001A

Symbol: STOP
   Definitions
      At line 20 in file 13.s
   Uses
      At line 20 in file 13.s
Comment: STOP used once
mycode 00000000

Symbol: mycode
   Definitions
      At line 7 in file 13.s
   Uses
      None
Comment: mycode unused
up 00000008

Symbol: up
   Definitions
      At line 15 in file 13.s
   Uses
      At line 19 in file 13.s
Comment: up used once
4 symbols



ARM Macro Assembler    Page 1 Alphabetic symbol ordering
Relocatable symbols

DST 00000028

Symbol: DST
   Definitions
      At line 23 in file 13.s
   Uses
      At line 12 in file 13.s
Comment: DST used once
SRC 00000000

Symbol: SRC
   Definitions
      At line 22 in file 13.s
   Uses
      At line 11 in file 13.s
Comment: SRC used once
mydata 00000000

Symbol: mydata
   Definitions
      At line 21 in file 13.s
   Uses
      None
Comment: mydata unused
3 symbols
342 symbols in table
