


ARM Macro Assembler    Page 1 


    1 00000000                 AREA             RESET,DATA,READONLY
    2 00000000                 EXPORT           __Vectors
    3 00000000         __Vectors
    4 00000000 40001000        DCD              0x40001000
    5 00000004 00000000        DCD              Reset_Handler
    6 00000008                 ALIGN
    7 00000008                 AREA             mycode,CODE,READONLY
    8 00000000                 ENTRY
    9 00000000                 EXPORT           Reset_Handler
   10 00000000         Reset_Handler
   11 00000000 F380 8803       MSR              xPSR,r0
   12 00000004 480D            LDR              R0,=NUM1
   13 00000006 490E            LDR              R1,=NUM2
   14 00000008 4E0E            LDR              R6,=DST
   15 0000000A F8D1 8000       LDR              R8,[R1]
   16 0000000E F04F 0300       MOV              R3,#00
   17 00000012 F04F 0400       MOV              R4,#00
   18 00000016         
   19 00000016 6805            LDR              R5,[R0]
   20 00000018         UP
   21 00000018 1964            ADDS             R4,R5
   22 0000001A F1A8 0801       SUB              R8,#1
   23 0000001E D301            BCC              DOWN
   24 00000020 F103 0301       ADD              R3,#1
   25 00000024         
   26 00000024         DOWN
   27 00000024 F098 0F00       TEQ              R8,#00
   28 00000028 D1F6            BNE              UP
   29 0000002A F846 3B04       STR              R3,[R6],#4
   30 0000002E 6034            STR              R4,[R6]
   31 00000030         
   32 00000030         STOP
   33 00000030 E7FE            B                STOP
   34 00000032 00 00 FFFFFFFF 
                       NUM1    DCD              0xFFFFFFFF
   35 00000038 00000003 
                       NUM2    DCD              0x3
   36 0000003C 00000000 
              00000000 
              00000000         AREA             mydata,DATA,READWRITE
   37 00000000 00 00 00 
              00 00 00 
              00 00 00 
              00 00 00 
              00 00 00 
              00 00 00 
              00 00    dum     space            20
   38 00000014 00000000 
                       DST     DCD              0
   39 00000018                 END
Command Line: --debug --xref --cpu=Cortex-M3 --apcs=interwork --depend=.\3-q2.d
 -o.\3-q2.o -IC:\Keil\ARM\RV31\INC -IC:\Keil\ARM\CMSIS\Include -IC:\Keil\ARM\In
c\NXP\LPC17xx --predefine="__EVAL SETA 1" --list=.\3-q2.lst D:\Kaustav-16091115
8\3-q2.asm



ARM Macro Assembler    Page 1 Alphabetic symbol ordering
Relocatable symbols

RESET 00000000

Symbol: RESET
   Definitions
      At line 1 in file D:\Kaustav-160911158\3-q2.asm
   Uses
      None
Comment: RESET unused
__Vectors 00000000

Symbol: __Vectors
   Definitions
      At line 3 in file D:\Kaustav-160911158\3-q2.asm
   Uses
      At line 2 in file D:\Kaustav-160911158\3-q2.asm
Comment: __Vectors used once
2 symbols



ARM Macro Assembler    Page 1 Alphabetic symbol ordering
Relocatable symbols

DOWN 00000024

Symbol: DOWN
   Definitions
      At line 26 in file D:\Kaustav-160911158\3-q2.asm
   Uses
      At line 23 in file D:\Kaustav-160911158\3-q2.asm
Comment: DOWN used once
NUM1 00000034

Symbol: NUM1
   Definitions
      At line 34 in file D:\Kaustav-160911158\3-q2.asm
   Uses
      At line 12 in file D:\Kaustav-160911158\3-q2.asm
Comment: NUM1 used once
NUM2 00000038

Symbol: NUM2
   Definitions
      At line 35 in file D:\Kaustav-160911158\3-q2.asm
   Uses
      At line 13 in file D:\Kaustav-160911158\3-q2.asm
Comment: NUM2 used once
Reset_Handler 00000000

Symbol: Reset_Handler
   Definitions
      At line 10 in file D:\Kaustav-160911158\3-q2.asm
   Uses
      At line 5 in file D:\Kaustav-160911158\3-q2.asm
      At line 9 in file D:\Kaustav-160911158\3-q2.asm

STOP 00000030

Symbol: STOP
   Definitions
      At line 32 in file D:\Kaustav-160911158\3-q2.asm
   Uses
      At line 33 in file D:\Kaustav-160911158\3-q2.asm
Comment: STOP used once
UP 00000018

Symbol: UP
   Definitions
      At line 20 in file D:\Kaustav-160911158\3-q2.asm
   Uses
      At line 28 in file D:\Kaustav-160911158\3-q2.asm
Comment: UP used once
mycode 00000000

Symbol: mycode
   Definitions
      At line 7 in file D:\Kaustav-160911158\3-q2.asm
   Uses
      None
Comment: mycode unused
7 symbols



ARM Macro Assembler    Page 1 Alphabetic symbol ordering
Relocatable symbols

DST 00000014

Symbol: DST
   Definitions
      At line 38 in file D:\Kaustav-160911158\3-q2.asm
   Uses
      At line 14 in file D:\Kaustav-160911158\3-q2.asm
Comment: DST used once
dum 00000000

Symbol: dum
   Definitions
      At line 37 in file D:\Kaustav-160911158\3-q2.asm
   Uses
      None
Comment: dum unused
mydata 00000000

Symbol: mydata
   Definitions
      At line 36 in file D:\Kaustav-160911158\3-q2.asm
   Uses
      None
Comment: mydata unused
3 symbols
345 symbols in table
