


ARM Macro Assembler    Page 1 


    1 00000000                 AREA             RESET,DATA,READONLY
    2 00000000                 EXPORT           __Vectors
    3 00000000         __Vectors
    4 00000000 40001000        DCD              0x40001000
    5 00000004 00000000        DCD              Reset_Handler
    6 00000008                 ALIGN
    7 00000008                 AREA             mycode,CODE,READONLY
    8 00000000                 ENTRY
    9 00000000                 EXPORT           Reset_Handler
   10 00000000         Reset_Handler
   11 00000000 4F12            LDR              R7,=NUM1
   12 00000002 683F            LDR              R7,[R7]
   13 00000004 F8DF 8048       LDR              R8,=NUM2
   14 00000008 F8D8 8000       LDR              R8,[R8]
   15 0000000C 4B11            LDR              R3,=QUO
   16 0000000E F04F 0401       MOV              R4,#1       ; i
   17 00000012         LOOP
   18 00000012 FB04 F007       MUL              R0,R4,R7    ; i*a
   19 00000016 4641            MOV              R1,R8       ;r1 <- b
   20 00000018 F000 F80A       BL               DIV         ; i*a mod b
   21 0000001C F090 0F00       TEQ              R0,#0       ; REM == 0 CHECK
   22 00000020 D002            BEQ              EXT
   23 00000022 F104 0401       ADD              R4,#1
   24 00000026 E7F4            B                LOOP
   25 00000028         
   26 00000028         EXT
   27 00000028 FB04 F407       MUL              R4,R7
   28 0000002C 6019            STR              R1,[R3]
   29 0000002E E007            b                STOP
   30 00000030         
   31 00000030 F04F 0200 
                       DIV     MOV              R2,#0       ;remainder
   32 00000034 4288    up      cmp              r0,r1
   33 00000036 BF38 4770       BXLO             lr
   34 0000003A EBA0 0001       SUB              R0,R1
   35 0000003E E7F9            B                up
   36 00000040         STOP
   37 00000040 E7FE            B                STOP
   38 00000042 00 00 00000005 
                       NUM1    DCD              0x5
   39 00000048 00000004 
                       NUM2    DCD              0x4
   40 0000004C 00000000 
              00000000 
              00000000         AREA             mydata,DATA,READWRITE
   41 00000000 00000000 
                       QUO     DCD              0
   42 00000004                 END
Command Line: --debug --xref --cpu=Cortex-M3 --apcs=interwork --depend=32.d -o3
2.o -IC:\Keil\ARM\RV31\INC -IC:\Keil\ARM\CMSIS\Include -IC:\Keil\ARM\Inc\NXP\LP
C17xx --predefine="__EVAL SETA 1" --list=32.lst 32.S



ARM Macro Assembler    Page 1 Alphabetic symbol ordering
Relocatable symbols

RESET 00000000

Symbol: RESET
   Definitions
      At line 1 in file 32.S
   Uses
      None
Comment: RESET unused
__Vectors 00000000

Symbol: __Vectors
   Definitions
      At line 3 in file 32.S
   Uses
      At line 2 in file 32.S
Comment: __Vectors used once
2 symbols



ARM Macro Assembler    Page 1 Alphabetic symbol ordering
Relocatable symbols

DIV 00000030

Symbol: DIV
   Definitions
      At line 31 in file 32.S
   Uses
      At line 20 in file 32.S
Comment: DIV used once
EXT 00000028

Symbol: EXT
   Definitions
      At line 26 in file 32.S
   Uses
      At line 22 in file 32.S
Comment: EXT used once
LOOP 00000012

Symbol: LOOP
   Definitions
      At line 17 in file 32.S
   Uses
      At line 24 in file 32.S
Comment: LOOP used once
NUM1 00000044

Symbol: NUM1
   Definitions
      At line 38 in file 32.S
   Uses
      At line 11 in file 32.S
Comment: NUM1 used once
NUM2 00000048

Symbol: NUM2
   Definitions
      At line 39 in file 32.S
   Uses
      At line 13 in file 32.S
Comment: NUM2 used once
Reset_Handler 00000000

Symbol: Reset_Handler
   Definitions
      At line 10 in file 32.S
   Uses
      At line 5 in file 32.S
      At line 9 in file 32.S

STOP 00000040

Symbol: STOP
   Definitions
      At line 36 in file 32.S
   Uses
      At line 29 in file 32.S
      At line 37 in file 32.S

mycode 00000000



ARM Macro Assembler    Page 2 Alphabetic symbol ordering
Relocatable symbols


Symbol: mycode
   Definitions
      At line 7 in file 32.S
   Uses
      None
Comment: mycode unused
up 00000034

Symbol: up
   Definitions
      At line 32 in file 32.S
   Uses
      At line 35 in file 32.S
Comment: up used once
9 symbols



ARM Macro Assembler    Page 1 Alphabetic symbol ordering
Relocatable symbols

QUO 00000000

Symbol: QUO
   Definitions
      At line 41 in file 32.S
   Uses
      At line 15 in file 32.S
Comment: QUO used once
mydata 00000000

Symbol: mydata
   Definitions
      At line 40 in file 32.S
   Uses
      None
Comment: mydata unused
2 symbols
346 symbols in table
