


ARM Macro Assembler    Page 1 


    1 00000000                 AREA             RESET, DATA, READONLY
    2 00000000                 EXPORT           __Vectors
    3 00000000         __Vectors
    4 00000000 10001000        DCD              0x10001000
    5 00000004 00000000        DCD              Reset_Handler
    6 00000008                 ALIGN
    7 00000008         
    8 00000008                 AREA             mycode, CODE, READONLY
    9 00000000                 ENTRY
   10 00000000                 EXPORT           Reset_Handler
   11 00000000         
   12 00000000         Reset_Handler
   13 00000000 490C            LDR              R1,=NUM1
   14 00000002 6809            LDR              R1,[R1]
   15 00000004 480C            LDR              R0,=NUM2
   16 00000006 6800            LDR              R0,[R0]     ; LOOP COUNTER
   17 00000008 F04F 0200       MOV              R2,#0       ; Sum
   18 0000000C F04F 0300       MOV              R3,#0       ; Carry
   19 00000010         up
   20 00000010 1852            ADDS             R2,R1
   21 00000012 F143 0300       ADC              R3,#0
   22 00000016 F1A0 0001       SUB              R0, #1
   23 0000001A F090 0F00       TEQ              R0, #0
   24 0000001E D1F7            BNE              up
   25 00000020 4C06            LDR              R4,=RES
   26 00000022 F844 2B04       STR              R2,[R4],#4
   27 00000026 6023            STR              R3,[R4]
   28 00000028         
   29 00000028 E7FE    STOP    B                STOP
   30 0000002A 00 00 00012314 
                       NUM2    DCD              0X00012314
   31 00000030 70000000 
                       NUM1    DCD              0X70000000
   32 00000034 00000000 
              00000000 
              00000000         AREA             mydata, DATA, READWRITE
   33 00000000 00000000 
                       RES     DCD              0
   34 00000004                 END
Command Line: --debug --xref --cpu=Cortex-M3 --apcs=interwork --depend=3_1.d -o
3_1.o -IC:\Keil\ARM\RV31\INC -IC:\Keil\ARM\CMSIS\Include -IC:\Keil\ARM\Inc\NXP\
LPC17xx --predefine="__EVAL SETA 1" --list=3_1.lst 3_1.s



ARM Macro Assembler    Page 1 Alphabetic symbol ordering
Relocatable symbols

RESET 00000000

Symbol: RESET
   Definitions
      At line 1 in file 3_1.s
   Uses
      None
Comment: RESET unused
__Vectors 00000000

Symbol: __Vectors
   Definitions
      At line 3 in file 3_1.s
   Uses
      At line 2 in file 3_1.s
Comment: __Vectors used once
2 symbols



ARM Macro Assembler    Page 1 Alphabetic symbol ordering
Relocatable symbols

NUM1 00000030

Symbol: NUM1
   Definitions
      At line 31 in file 3_1.s
   Uses
      At line 13 in file 3_1.s
Comment: NUM1 used once
NUM2 0000002C

Symbol: NUM2
   Definitions
      At line 30 in file 3_1.s
   Uses
      At line 15 in file 3_1.s
Comment: NUM2 used once
Reset_Handler 00000000

Symbol: Reset_Handler
   Definitions
      At line 12 in file 3_1.s
   Uses
      At line 5 in file 3_1.s
      At line 10 in file 3_1.s

STOP 00000028

Symbol: STOP
   Definitions
      At line 29 in file 3_1.s
   Uses
      At line 29 in file 3_1.s
Comment: STOP used once
mycode 00000000

Symbol: mycode
   Definitions
      At line 8 in file 3_1.s
   Uses
      None
Comment: mycode unused
up 00000010

Symbol: up
   Definitions
      At line 19 in file 3_1.s
   Uses
      At line 24 in file 3_1.s
Comment: up used once
6 symbols



ARM Macro Assembler    Page 1 Alphabetic symbol ordering
Relocatable symbols

RES 00000000

Symbol: RES
   Definitions
      At line 33 in file 3_1.s
   Uses
      At line 25 in file 3_1.s
Comment: RES used once
mydata 00000000

Symbol: mydata
   Definitions
      At line 32 in file 3_1.s
   Uses
      None
Comment: mydata unused
2 symbols
343 symbols in table
