


ARM Macro Assembler    Page 1 


    1 00000000                 AREA             RESET, DATA, READONLY
    2 00000000                 EXPORT           __Vectors
    3 00000000         __Vectors
    4 00000000 10001000        DCD              0x10001000
    5 00000004 00000000        DCD              Reset_Handler
    6 00000008                 ALIGN
    7 00000008         
    8 00000008                 AREA             mycode, CODE, READONLY
    9 00000000                 ENTRY
   10 00000000                 EXPORT           Reset_Handler
   11 00000000         
   12 00000000         Reset_Handler
   13 00000000         
   14 00000000 4805            LDR              R0,=NUM1
   15 00000002 6800            LDR              R0,[R0]
   16 00000004 FB00 0100       MLA              R1,R0,R0,R0
   17 00000008 EA4F 0151       LSR              R1,#1
   18 0000000C 4A03            LDR              R2,=RES
   19 0000000E 6011            STR              R1,[R2]
   20 00000010 E7FE    STOP    B                STOP
   21 00000012 00 00 00000019 
                       NUM1    DCD              25
   22 00000018 00000000 
              00000000         AREA             mydata,DATA,READWRITE
   23 00000000 00000000 
                       RES     DCD              0
   24 00000004                 END
Command Line: --debug --xref --cpu=Cortex-M3 --apcs=interwork --depend=3_4.d -o
3_4.o -IC:\Keil\ARM\RV31\INC -IC:\Keil\ARM\CMSIS\Include -IC:\Keil\ARM\Inc\NXP\
LPC17xx --predefine="__EVAL SETA 1" --list=3_4.lst 3_4.s



ARM Macro Assembler    Page 1 Alphabetic symbol ordering
Relocatable symbols

RESET 00000000

Symbol: RESET
   Definitions
      At line 1 in file 3_4.s
   Uses
      None
Comment: RESET unused
__Vectors 00000000

Symbol: __Vectors
   Definitions
      At line 3 in file 3_4.s
   Uses
      At line 2 in file 3_4.s
Comment: __Vectors used once
2 symbols



ARM Macro Assembler    Page 1 Alphabetic symbol ordering
Relocatable symbols

NUM1 00000014

Symbol: NUM1
   Definitions
      At line 21 in file 3_4.s
   Uses
      At line 14 in file 3_4.s
Comment: NUM1 used once
Reset_Handler 00000000

Symbol: Reset_Handler
   Definitions
      At line 12 in file 3_4.s
   Uses
      At line 5 in file 3_4.s
      At line 10 in file 3_4.s

STOP 00000010

Symbol: STOP
   Definitions
      At line 20 in file 3_4.s
   Uses
      At line 20 in file 3_4.s
Comment: STOP used once
mycode 00000000

Symbol: mycode
   Definitions
      At line 8 in file 3_4.s
   Uses
      None
Comment: mycode unused
4 symbols



ARM Macro Assembler    Page 1 Alphabetic symbol ordering
Relocatable symbols

RES 00000000

Symbol: RES
   Definitions
      At line 23 in file 3_4.s
   Uses
      At line 18 in file 3_4.s
Comment: RES used once
mydata 00000000

Symbol: mydata
   Definitions
      At line 22 in file 3_4.s
   Uses
      None
Comment: mydata unused
2 symbols
341 symbols in table
