


ARM Macro Assembler    Page 1 


    1 00000000                 AREA             RESET, DATA, READONLY
    2 00000000                 EXPORT           __Vectors
    3 00000000         __Vectors
    4 00000000 10001000        DCD              0x10001000
    5 00000004 00000000        DCD              Reset_Handler
    6 00000008                 ALIGN
    7 00000008         
    8 00000008                 AREA             mycode, CODE, READONLY
    9 00000000                 ENTRY
   10 00000000                 EXPORT           Reset_Handler
   11 00000000         
   12 00000000         Reset_Handler
   13 00000000 4F14            LDR              R7, =RES
   14 00000002 4915            LDR              R1, =NUM1
   15 00000004 4A15            LDR              R2, =NUM2
   16 00000006 F04F 0004       MOV              R0,#4       ; LOOP COUNTER
   17 0000000A F04F 0300       MOV              R3,#0
   18 0000000E F383 8803       MSR              XPSR,R3     ;CLEAR FLAG
   19 00000012         up
   20 00000012 F851 4B04       LDR              R4,[R1], #4
   21 00000016 F852 5B04       LDR              R5,[R2], #4
   22 0000001A EB54 0605       ADCS             R6, R4, R5
   23 0000001E F847 6B04       STR              R6, [R7], #4
   24 00000022 F1A0 0001       SUB              R0, #1
   25 00000026 F090 0F00       TEQ              R0, #0
   26 0000002A D1F2            BNE              up
   27 0000002C F140 0000       ADC              R0, #0
   28 00000030 6038            STR              R0, [R7]
   29 00000032         
   30 00000032 E7FE    STOP    B                STOP
   31 00000034 10000000 
              12345678 
              23451234 
              98765432 NUM1    DCD              0x10000000, 0x12345678,0x234512
34,0x98765432
   32 00000044 F1111111 
              F0000000 
              D1234321 
              78931684 NUM2    DCD              0xF1111111, 0XF0000000,0xD12343
21,0x78931684
   33 00000054 00000000 
              00000000 
              00000000         AREA             mydata, DATA, READWRITE
   34 00000000 00000000 
                       RES     DCD              0
   35 00000004                 END
Command Line: --debug --xref --cpu=Cortex-M3 --apcs=interwork --depend=2_1b.d -
o2_1b.o -IC:\Keil\ARM\RV31\INC -IC:\Keil\ARM\CMSIS\Include -IC:\Keil\ARM\Inc\NX
P\LPC17xx --predefine="__EVAL SETA 1" --list=2_1b.lst 2_1b.s



ARM Macro Assembler    Page 1 Alphabetic symbol ordering
Relocatable symbols

RESET 00000000

Symbol: RESET
   Definitions
      At line 1 in file 2_1b.s
   Uses
      None
Comment: RESET unused
__Vectors 00000000

Symbol: __Vectors
   Definitions
      At line 3 in file 2_1b.s
   Uses
      At line 2 in file 2_1b.s
Comment: __Vectors used once
2 symbols



ARM Macro Assembler    Page 1 Alphabetic symbol ordering
Relocatable symbols

NUM1 00000034

Symbol: NUM1
   Definitions
      At line 31 in file 2_1b.s
   Uses
      At line 14 in file 2_1b.s
Comment: NUM1 used once
NUM2 00000044

Symbol: NUM2
   Definitions
      At line 32 in file 2_1b.s
   Uses
      At line 15 in file 2_1b.s
Comment: NUM2 used once
Reset_Handler 00000000

Symbol: Reset_Handler
   Definitions
      At line 12 in file 2_1b.s
   Uses
      At line 5 in file 2_1b.s
      At line 10 in file 2_1b.s

STOP 00000032

Symbol: STOP
   Definitions
      At line 30 in file 2_1b.s
   Uses
      At line 30 in file 2_1b.s
Comment: STOP used once
mycode 00000000

Symbol: mycode
   Definitions
      At line 8 in file 2_1b.s
   Uses
      None
Comment: mycode unused
up 00000012

Symbol: up
   Definitions
      At line 19 in file 2_1b.s
   Uses
      At line 26 in file 2_1b.s
Comment: up used once
6 symbols



ARM Macro Assembler    Page 1 Alphabetic symbol ordering
Relocatable symbols

RES 00000000

Symbol: RES
   Definitions
      At line 34 in file 2_1b.s
   Uses
      At line 13 in file 2_1b.s
Comment: RES used once
mydata 00000000

Symbol: mydata
   Definitions
      At line 33 in file 2_1b.s
   Uses
      None
Comment: mydata unused
2 symbols
343 symbols in table
