


ARM Macro Assembler    Page 1 


    1 00000000                 AREA             RESET, DATA, READONLY
    2 00000000                 EXPORT           __Vectors
    3 00000000         __Vectors
    4 00000000 10001000        DCD              0x10001000
    5 00000004 00000000        DCD              Reset_Handler
    6 00000008                 ALIGN
    7 00000008         
    8 00000008                 AREA             mycode, CODE, READONLY
    9 00000000                 ENTRY
   10 00000000                 EXPORT           Reset_Handler
   11 00000000         
   12 00000000         Reset_Handler
   13 00000000 4905            LDR              R1, =NUM1
   14 00000002 4A06            LDR              R2, =NUM2
   15 00000004 4B06            LDR              R3, =RES
   16 00000006 680C            LDR              R4,[R1]
   17 00000008 6815            LDR              R5,[R2]
   18 0000000A 1B66            SUBS             R6,R4,R5
   19 0000000C 601E            STR              R6,[R3]
   20 0000000E E7FE    STOP    B                STOP
   21 00000010 F1234567 
                       NUM1    DCD              0XF1234567
   22 00000014 12345678 
                       NUM2    DCD              0x12345678
   23 00000018 00000000 
              00000000 
              00000000         AREA             mydata, DATA, READWRITE
   24 00000000 00000000 
                       RES     DCD              0
   25 00000004                 END
Command Line: --debug --xref --cpu=Cortex-M3 --apcs=interwork --depend=2_2.d -o
2_2.o -IC:\Keil\ARM\RV31\INC -IC:\Keil\ARM\CMSIS\Include -IC:\Keil\ARM\Inc\NXP\
LPC17xx --predefine="__EVAL SETA 1" --list=2_2.lst 2_2.s



ARM Macro Assembler    Page 1 Alphabetic symbol ordering
Relocatable symbols

RESET 00000000

Symbol: RESET
   Definitions
      At line 1 in file 2_2.s
   Uses
      None
Comment: RESET unused
__Vectors 00000000

Symbol: __Vectors
   Definitions
      At line 3 in file 2_2.s
   Uses
      At line 2 in file 2_2.s
Comment: __Vectors used once
2 symbols



ARM Macro Assembler    Page 1 Alphabetic symbol ordering
Relocatable symbols

NUM1 00000010

Symbol: NUM1
   Definitions
      At line 21 in file 2_2.s
   Uses
      At line 13 in file 2_2.s
Comment: NUM1 used once
NUM2 00000014

Symbol: NUM2
   Definitions
      At line 22 in file 2_2.s
   Uses
      At line 14 in file 2_2.s
Comment: NUM2 used once
Reset_Handler 00000000

Symbol: Reset_Handler
   Definitions
      At line 12 in file 2_2.s
   Uses
      At line 5 in file 2_2.s
      At line 10 in file 2_2.s

STOP 0000000E

Symbol: STOP
   Definitions
      At line 20 in file 2_2.s
   Uses
      At line 20 in file 2_2.s
Comment: STOP used once
mycode 00000000

Symbol: mycode
   Definitions
      At line 8 in file 2_2.s
   Uses
      None
Comment: mycode unused
5 symbols



ARM Macro Assembler    Page 1 Alphabetic symbol ordering
Relocatable symbols

RES 00000000

Symbol: RES
   Definitions
      At line 24 in file 2_2.s
   Uses
      At line 15 in file 2_2.s
Comment: RES used once
mydata 00000000

Symbol: mydata
   Definitions
      At line 23 in file 2_2.s
   Uses
      None
Comment: mydata unused
2 symbols
342 symbols in table
