


ARM Macro Assembler    Page 1 


    1 00000000                 AREA             RESET,DATA,READONLY
    2 00000000                 EXPORT           __Vectors
    3 00000000         __Vectors
    4 00000000 40001000        DCD              0x40001000
    5 00000004 00000000        DCD              Reset_Handler
    6 00000008                 ALIGN
    7 00000008                 AREA             mycode,CODE,READONLY
    8 00000000                 ENTRY
    9 00000000                 EXPORT           Reset_Handler
   10 00000000         Reset_Handler
   11 00000000 4801            LDR              R0,=0x12345678
   12 00000002 4601            MOV              R1,R0
   13 00000004         STOP
   14 00000004 E7FE            B                STOP
   15 00000006                 END
              00 00 12345678 
Command Line: --debug --xref --cpu=Cortex-M3 --apcs=interwork --depend=ict.d -o
ict.o -IC:\Keil\ARM\RV31\INC -IC:\Keil\ARM\CMSIS\Include -IC:\Keil\ARM\Inc\NXP\
LPC17xx --predefine="__EVAL SETA 1" --list=ict.lst ict.s



ARM Macro Assembler    Page 1 Alphabetic symbol ordering
Relocatable symbols

RESET 00000000

Symbol: RESET
   Definitions
      At line 1 in file ict.s
   Uses
      None
Comment: RESET unused
__Vectors 00000000

Symbol: __Vectors
   Definitions
      At line 3 in file ict.s
   Uses
      At line 2 in file ict.s
Comment: __Vectors used once
2 symbols



ARM Macro Assembler    Page 1 Alphabetic symbol ordering
Relocatable symbols

Reset_Handler 00000000

Symbol: Reset_Handler
   Definitions
      At line 10 in file ict.s
   Uses
      At line 5 in file ict.s
      At line 9 in file ict.s

STOP 00000004

Symbol: STOP
   Definitions
      At line 13 in file ict.s
   Uses
      At line 14 in file ict.s
Comment: STOP used once
mycode 00000000

Symbol: mycode
   Definitions
      At line 7 in file ict.s
   Uses
      None
Comment: mycode unused
3 symbols
338 symbols in table
